{
  "RSpec": {
    "coverage": {
      "/Users/bootcoderpro/Dropbox/ACODE/adBC/stitch-fix-rails-project-2.2.3/spec/support/csv_helper.rb": [
        1,
        1,
        null,
        null,
        null,
        null,
        null,
        1,
        11,
        11,
        11,
        52,
        34,
        null,
        null,
        18,
        null,
        null,
        null,
        11,
        null,
        null,
        1,
        0,
        null,
        null,
        null
      ],
      "/Users/bootcoderpro/Dropbox/ACODE/adBC/stitch-fix-rails-project-2.2.3/spec/support/capybara_helper.rb": [
        1,
        null,
        1,
        null,
        1,
        3,
        3,
        3,
        3,
        3,
        null,
        3,
        3,
        3,
        3,
        null,
        null,
        1,
        1,
        1,
        1,
        1,
        1,
        null,
        null,
        1,
        8,
        8,
        8,
        8,
        null,
        8,
        8,
        8,
        8,
        null,
        8,
        8,
        8,
        null,
        8,
        8,
        8,
        null,
        null,
        1,
        4,
        4,
        4,
        4,
        4,
        4,
        4,
        4,
        null,
        null,
        1,
        1,
        1,
        1,
        1,
        1,
        1,
        null,
        null,
        null
      ],
      "/Users/bootcoderpro/Dropbox/ACODE/adBC/stitch-fix-rails-project-2.2.3/app/controllers/clearance_batches_controller.rb": [
        1,
        null,
        null,
        null,
        null,
        null,
        1,
        51,
        51,
        null,
        51,
        51,
        51,
        null,
        null,
        null,
        1,
        14,
        null,
        14,
        14,
        14,
        14,
        4,
        null,
        null,
        null,
        null,
        null,
        null,
        null,
        null,
        null,
        null,
        1,
        null,
        null,
        null,
        35,
        2,
        null,
        null,
        33,
        null,
        null,
        null,
        null,
        33,
        7,
        null,
        null,
        null,
        33,
        33,
        null,
        35,
        null,
        null,
        1,
        13,
        null,
        13,
        2,
        null,
        11,
        1,
        null,
        10,
        1,
        null,
        9,
        4,
        4,
        null,
        5,
        4,
        4,
        null,
        null,
        1,
        null,
        null,
        null,
        13,
        null,
        null,
        1,
        null,
        null,
        1,
        242,
        null,
        null,
        null
      ],
      "/Users/bootcoderpro/Dropbox/ACODE/adBC/stitch-fix-rails-project-2.2.3/app/controllers/application_controller.rb": [
        1,
        null,
        null,
        1,
        1,
        null
      ],
      "/Users/bootcoderpro/Dropbox/ACODE/adBC/stitch-fix-rails-project-2.2.3/spec/features/clearance_batches_spec.rb": [
        1,
        null,
        1,
        null,
        1,
        null,
        1,
        null,
        2,
        2,
        2,
        null,
        1,
        1,
        1,
        1,
        1,
        1,
        1,
        null,
        null,
        null,
        null,
        null,
        1,
        2,
        null,
        1,
        1,
        1,
        1,
        1,
        1,
        1,
        1,
        1,
        1,
        null,
        null,
        null,
        null,
        null,
        1,
        10,
        10,
        null,
        1,
        1,
        1,
        1,
        null,
        null,
        null,
        1,
        1,
        1,
        1,
        null,
        null,
        1,
        1,
        1,
        null,
        null,
        1,
        1,
        1,
        null,
        null,
        1,
        1,
        1,
        null,
        null,
        1,
        1,
        1,
        1,
        null,
        null,
        null,
        null,
        1,
        null,
        1,
        1,
        1,
        1,
        1,
        1,
        1,
        1,
        1,
        null,
        null,
        null,
        1,
        1,
        1,
        1,
        1,
        1,
        1,
        1,
        1,
        1,
        1,
        1,
        null,
        null,
        null,
        1,
        1,
        1,
        1,
        1,
        1,
        1,
        1,
        1,
        1,
        1,
        1,
        1,
        1,
        null,
        1,
        1,
        1,
        1,
        1,
        1,
        1,
        1,
        1,
        1,
        null,
        null,
        null,
        null,
        null,
        null,
        null,
        null,
        1,
        null,
        1,
        null,
        1,
        6,
        1,
        1,
        1,
        1,
        1,
        1,
        1,
        null,
        null,
        null,
        null,
        null,
        1,
        null,
        1,
        4,
        1,
        1,
        1,
        1,
        1,
        1,
        1,
        1,
        null,
        null,
        null,
        null,
        null,
        1,
        null,
        1,
        1,
        1,
        1,
        1,
        1,
        1,
        1,
        1,
        null,
        null,
        null,
        null,
        null,
        1,
        3,
        3,
        null,
        1,
        1,
        1,
        1,
        1,
        1,
        1,
        null,
        1,
        1,
        null,
        null,
        1,
        1,
        1,
        1,
        1,
        1,
        1,
        null,
        1,
        1,
        null,
        null,
        null,
        1,
        1,
        1,
        1,
        null,
        null,
        1,
        1,
        1,
        1,
        1,
        null,
        null,
        1,
        1,
        1,
        1,
        1,
        1,
        1,
        null,
        null,
        null,
        null,
        null,
        1,
        null,
        9,
        9,
        null,
        1,
        null,
        1,
        1,
        1,
        1,
        1,
        1,
        null,
        null,
        null,
        1,
        1,
        1,
        1,
        1,
        null,
        null,
        null,
        null,
        1,
        null,
        1,
        1,
        1,
        1,
        1,
        1,
        null,
        null,
        null,
        null,
        1,
        1,
        1,
        5,
        5,
        null,
        null,
        null,
        null,
        null,
        1,
        null,
        1,
        1,
        1,
        1,
        1,
        1,
        null,
        null,
        null,
        null,
        1,
        1,
        1,
        1,
        1,
        1,
        1,
        null,
        null,
        null,
        1,
        1,
        1,
        1,
        1,
        1,
        null,
        null,
        null,
        1,
        1,
        1,
        1,
        1,
        1,
        1,
        null,
        null,
        null,
        null,
        null,
        null,
        null,
        null,
        null,
        null,
        null,
        null,
        null,
        null,
        null,
        null,
        null,
        null,
        null,
        null,
        null,
        null,
        null
      ],
      "/Users/bootcoderpro/Dropbox/ACODE/adBC/stitch-fix-rails-project-2.2.3/spec/models/item_spec.rb": [
        1,
        null,
        1,
        null,
        1,
        2,
        2,
        2,
        2,
        2,
        null,
        2,
        2,
        2,
        null,
        1,
        1,
        null,
        null,
        null,
        1,
        2,
        2,
        null,
        null,
        1,
        null,
        3,
        3,
        null,
        1,
        2,
        2,
        null,
        null,
        1,
        1,
        null,
        null,
        1,
        1,
        null,
        null,
        null
      ],
      "/Users/bootcoderpro/Dropbox/ACODE/adBC/stitch-fix-rails-project-2.2.3/app/models/item.rb": [
        1,
        null,
        1,
        null,
        1,
        1,
        null,
        1,
        null,
        86,
        null,
        1,
        313,
        null,
        null,
        null,
        null,
        null
      ],
      "/Users/bootcoderpro/Dropbox/ACODE/adBC/stitch-fix-rails-project-2.2.3/spec/services/clearancing_service_spec.rb": [
        1,
        null,
        1,
        null,
        1,
        null,
        1,
        5,
        5,
        null,
        1,
        1,
        null,
        null,
        1,
        1,
        null,
        null,
        1,
        1,
        null,
        null,
        1,
        1,
        null,
        null,
        null,
        1,
        4,
        4,
        4,
        null,
        1,
        1,
        null,
        null,
        1,
        1,
        null,
        null,
        1,
        1,
        null,
        null,
        null,
        1,
        5,
        5,
        null,
        1,
        1,
        1,
        null,
        null,
        1,
        1,
        1,
        null,
        null,
        1,
        1,
        1,
        1,
        null,
        null,
        1,
        1,
        1,
        1,
        null,
        null,
        null,
        null,
        1,
        5,
        null,
        1,
        1,
        1,
        null,
        null,
        1,
        1,
        1,
        null,
        null,
        1,
        1,
        1,
        1,
        null,
        null,
        1,
        1,
        1,
        1,
        null,
        null,
        null,
        null,
        null,
        1,
        null,
        1,
        25,
        5,
        5,
        null,
        1,
        4,
        null,
        null,
        1,
        1,
        null,
        null,
        1,
        1,
        null,
        null,
        1,
        1,
        null,
        null,
        1,
        1,
        null,
        null,
        null,
        1,
        9,
        3,
        3,
        3,
        3,
        3,
        1,
        null,
        2,
        null,
        null,
        null,
        null,
        null,
        null,
        3,
        3,
        null,
        1,
        2,
        null,
        null,
        1,
        null,
        1,
        1,
        2,
        null,
        1,
        1,
        1,
        null,
        null,
        1,
        1,
        null,
        null,
        null,
        1,
        3,
        3,
        3,
        null,
        1,
        2,
        null,
        null,
        1,
        null,
        1,
        null,
        1,
        1,
        null,
        null,
        null,
        null
      ],
      "/Users/bootcoderpro/Dropbox/ACODE/adBC/stitch-fix-rails-project-2.2.3/app/services/clearancing_service.rb": [
        1,
        null,
        null,
        1,
        1,
        null,
        null,
        null,
        null,
        1,
        56,
        56,
        56,
        56,
        56,
        56,
        null,
        56,
        56,
        null,
        56,
        56,
        56,
        null,
        null,
        1,
        null,
        null,
        null,
        1,
        16,
        98,
        null,
        null,
        null,
        1,
        122,
        122,
        null,
        null,
        null,
        null,
        null,
        null,
        1,
        56,
        37,
        37,
        83,
        83,
        83,
        83,
        null,
        null,
        null,
        null,
        null,
        null,
        null,
        1,
        56,
        56,
        56,
        56,
        null,
        null,
        null,
        null,
        null,
        1,
        122,
        null,
        122,
        13,
        null,
        109,
        5,
        null,
        104,
        19,
        null,
        85,
        2,
        null,
        null,
        83,
        null,
        null,
        null,
        null,
        null,
        null
      ],
      "/Users/bootcoderpro/Dropbox/ACODE/adBC/stitch-fix-rails-project-2.2.3/app/models/clearance_batch.rb": [
        1,
        null,
        1,
        81,
        null,
        null,
        null,
        1,
        null,
        52,
        52,
        null,
        null
      ],
      "/Users/bootcoderpro/Dropbox/ACODE/adBC/stitch-fix-rails-project-2.2.3/app/models/style.rb": [
        1,
        1,
        1,
        null
      ]
    },
    "timestamp": 1523910900
  }
}
